2025-06-13 15:52:12 +0000  Initial pipeline context: <IDEDistributionProcessingPipelineContext: 0x5137fc910; archive(resolved)="<IDEArchive: 0x60000a6710a0>", distributionTask(resolved)="2", distributionDestination(resolved)="1", distributionMethod(resolved)="<IDEDistributionMethodDeveloperID: 0x600004c02a40>", team(resolved)="<IDEProvisioningDisambiguatableBasicTeam: 0x60001166f2c0; teamID='8XN79M4JCJ', teamName='Richard Hughes', teamType='Individual', username='richie_uk@icloud.com', isFreeProvisioningTeam='0'>">
	Chain (13, self inclusive):
	<IDEDistributionProcessingPipelineContext: 0x5137fc910; archive = "<IDEArchive: 0x60000a6710a0>", distributionMethod="<IDEDistributionMethodDeveloperID: 0x600004c02a40>", team="<IDEProvisioningDisambiguatableBasicTeam: 0x60001166f2c0; teamID='8XN79M4JCJ', teamName='Richard Hughes', teamType='Individual', username='richie_uk@icloud.com', isFreeProvisioningTeam='0'>">
	<IDEDistributionProcessingPipelineContext: 0x5ccec2d90; archive = "<IDEArchive: 0x60000a6710a0>", distributionMethod="<IDEDistributionMethodDeveloperID: 0x600004c02a40>", team="<IDEProvisioningDisambiguatableBasicTeam: 0x60001166f2c0; teamID='8XN79M4JCJ', teamName='Richard Hughes', teamType='Individual', username='richie_uk@icloud.com', isFreeProvisioningTeam='0'>">
	<IDEDistributionContext: 0x553b0dae0; archive = "<IDEArchive: 0x60000a6710a0>", distributionMethod="<IDEDistributionMethodDeveloperID: 0x600004c02a40>", team="<IDEProvisioningDisambiguatableBasicTeam: 0x60001166f2c0; teamID='8XN79M4JCJ', teamName='Richard Hughes', teamType='Individual', username='richie_uk@icloud.com', isFreeProvisioningTeam='0'>">
	<IDEDistributionContext: 0x52fda6130; archive = "<IDEArchive: 0x60000a6710a0>", distributionMethod="<IDEDistributionMethodDeveloperID: 0x600004c02a40>", team="<IDEProvisioningDisambiguatableBasicTeam: 0x60001166f2c0; teamID='8XN79M4JCJ', teamName='Richard Hughes', teamType='Individual', username='richie_uk@icloud.com', isFreeProvisioningTeam='0'>">
	<IDEDistributionContext: 0x5170f5930; archive = "<IDEArchive: 0x60000a6710a0>", distributionMethod="<IDEDistributionMethodDeveloperID: 0x600004c02a40>", team="<IDEProvisioningDisambiguatableBasicTeam: 0x60001166f2c0; teamID='8XN79M4JCJ', teamName='Richard Hughes', teamType='Individual', username='richie_uk@icloud.com', isFreeProvisioningTeam='0'>">
	<IDEDistributionContext: 0x553b2daa0; archive = "<IDEArchive: 0x60000a6710a0>", distributionMethod="<IDEDistributionMethodDeveloperID: 0x600004c02a40>", team="<IDEProvisioningDisambiguatableBasicTeam: 0x60001166f2c0; teamID='8XN79M4JCJ', teamName='Richard Hughes', teamType='Individual', username='richie_uk@icloud.com', isFreeProvisioningTeam='0'>">
	<IDEDistributionContext: 0x5cce2fb40; archive = "<IDEArchive: 0x60000a6710a0>", distributionMethod="<IDEDistributionMethodDeveloperID: 0x600004c02a40>", team="<IDEProvisioningDisambiguatableBasicTeam: 0x60001166f2c0; teamID='8XN79M4JCJ', teamName='Richard Hughes', teamType='Individual', username='richie_uk@icloud.com', isFreeProvisioningTeam='0'>">
	<IDEDistributionContext: 0x3efd64570; archive = "<IDEArchive: 0x60000a6710a0>", distributionMethod="<IDEDistributionMethodDeveloperID: 0x600004c02a40>", team="<IDEProvisioningDisambiguatableBasicTeam: 0x60001166f2c0; teamID='8XN79M4JCJ', teamName='Richard Hughes', teamType='Individual', username='richie_uk@icloud.com', isFreeProvisioningTeam='0'>">
	<IDEDistributionContext: 0x3cfc32bd0; archive = "<IDEArchive: 0x60000a6710a0>", distributionMethod="<IDEDistributionMethodDeveloperID: 0x600004c02a40>", team="(null)">
	<IDEDistributionContext: 0x517035f40; archive = "<IDEArchive: 0x60000a6710a0>", distributionMethod="<IDEDistributionMethodDeveloperID: 0x600004c02a40>", team="(null)">
	<IDEDistributionContext: 0x379022530; archive = "<IDEArchive: 0x60000a6710a0>", distributionMethod="<IDEDistributionMethodDeveloperID: 0x600004c02a40>", team="(null)">
	<IDEDistributionContext: 0x51754b3b0; archive = "<IDEArchive: 0x60000a6710a0>", distributionMethod="(null)", team="(null)">
	<IDEDistributionContext: 0x5c9d343b0; archive = "<IDEArchive: 0x60000a6710a0>", distributionMethod="(null)", team="(null)">
</IDEDistributionProcessingPipelineContext: 0x5137fc910>
2025-06-13 15:52:12 +0000  Processing step: IDEDistributionCreateDestRootStep
2025-06-13 15:52:12 +0000  Processing step: IDEDistributionCopyItemStep
2025-06-13 15:52:12 +0000  Running /usr/bin/ditto '-V' '/Users/richie/Library/Developer/Xcode/Archives/2025-06-13/Xprime 13-06-2025, 16.50.xcarchive/Products/Applications/Xprime.app' '/var/folders/w3/tgjfrx4x7c579233vv9cjxbh0000gn/T/XcodeDistPipeline.~~~jipqsY/Root/Applications/Xprime.app'
2025-06-13 15:52:12 +0000  >>> Copying /Users/richie/Library/Developer/Xcode/Archives/2025-06-13/Xprime 13-06-2025, 16.50.xcarchive/Products/Applications/Xprime.app 
2025-06-13 15:52:12 +0000  copying file ./Contents/_CodeSignature/CodeResources ... 
2025-06-13 15:52:12 +0000  4356 bytes for ./Contents/_CodeSignature/CodeResources
2025-06-13 15:52:12 +0000  copying file ./Contents/MacOS/Xprime ... 
2025-06-13 15:52:12 +0000  289232 bytes for ./Contents/MacOS/Xprime
2025-06-13 15:52:12 +0000  copying file ./Contents/Resources/default.metallib ... 
2025-06-13 15:52:12 +0000  3111 bytes for ./Contents/Resources/default.metallib
2025-06-13 15:52:12 +0000  copying file ./Contents/Resources/AppIcon.icns ... 
2025-06-13 15:52:12 +0000  71954 bytes for ./Contents/Resources/AppIcon.icns
2025-06-13 15:52:12 +0000  copying file ./Contents/Resources/Base.lproj/Main.storyboardc/MainMenu.nib ... 
2025-06-13 15:52:12 +0000  17760 bytes for ./Contents/Resources/Base.lproj/Main.storyboardc/MainMenu.nib
2025-06-13 15:52:12 +0000  copying file ./Contents/Resources/Base.lproj/Main.storyboardc/XfG-lQ-9wD-view-m2S-Jp-Qdl.nib ... 
2025-06-13 15:52:12 +0000  13615 bytes for ./Contents/Resources/Base.lproj/Main.storyboardc/XfG-lQ-9wD-view-m2S-Jp-Qdl.nib
2025-06-13 15:52:12 +0000  copying file ./Contents/Resources/Base.lproj/Main.storyboardc/NSWindowController-B8D-0N-5wS.nib ... 
2025-06-13 15:52:12 +0000  2772 bytes for ./Contents/Resources/Base.lproj/Main.storyboardc/NSWindowController-B8D-0N-5wS.nib
2025-06-13 15:52:12 +0000  copying file ./Contents/Resources/Base.lproj/Main.storyboardc/Info.plist ... 
2025-06-13 15:52:12 +0000  445 bytes for ./Contents/Resources/Base.lproj/Main.storyboardc/Info.plist
2025-06-13 15:52:12 +0000  copying file ./Contents/Resources/Credits.rtf ... 
2025-06-13 15:52:12 +0000  416 bytes for ./Contents/Resources/Credits.rtf
2025-06-13 15:52:12 +0000  copying file ./Contents/Resources/Assets.car ... 
2025-06-13 15:52:12 +0000  942664 bytes for ./Contents/Resources/Assets.car
2025-06-13 15:52:12 +0000  copying file ./Contents/Info.plist ... 
2025-06-13 15:52:12 +0000  1820 bytes for ./Contents/Info.plist
2025-06-13 15:52:12 +0000  copying file ./Contents/PkgInfo ... 
2025-06-13 15:52:12 +0000  8 bytes for ./Contents/PkgInfo
2025-06-13 15:52:12 +0000  /usr/bin/ditto exited with 0
2025-06-13 15:52:12 +0000  Processing step: IDEDistributionEmbedProfileStep
2025-06-13 15:52:12 +0000  Skipping profile for item: <IDEDistributionItem: 0x600042ad6be0; bundleID='uk.insoft.Xprime', path='<DVTFilePath:0x60003ea4db60:'/Users/richie/Library/Developer/Xcode/Archives/2025-06-13/Xprime 13-06-2025, 16.50.xcarchive/Products/Applications/Xprime.app'>', codeSigningInfo='<_DVTCodeSigningInformation_Path: 0x600042ad4e40; isSigned='1', isAdHocSigned='1', signingCertificate='(null)', entitlements='{
    "com.apple.security.app-sandbox" = 1;
    "com.apple.security.files.user-selected.read-write" = 1;
}', teamID='(null)', identifier='uk.insoft.Xprime', executablePath='<DVTFilePath:0x60003ea47de0:'/Users/richie/Library/Developer/Xcode/Archives/2025-06-13/Xprime 13-06-2025, 16.50.xcarchive/Products/Applications/Xprime.app/Contents/MacOS/Xprime'>', hardenedRuntime='0'>'>
2025-06-13 15:52:12 +0000  Processing step: IDEDistributionInfoPlistStep
2025-06-13 15:52:12 +0000  Skipping step: IDEDistributionInfoPlistStep because it said so
2025-06-13 15:52:12 +0000  Processing step: IDEDistributionAppThinningPlistStep
2025-06-13 15:52:12 +0000  Processing step: IDEDistributionSymbolsStep
2025-06-13 15:52:12 +0000  Skipping step: IDEDistributionSymbolsStep because it said so
2025-06-13 15:52:12 +0000  Processing step: IDEDistributionAppThinningStep
2025-06-13 15:52:12 +0000  Skipping step: IDEDistributionAppThinningStep because it said so
2025-06-13 15:52:12 +0000  Processing step: IDEDistributionArchThinningStep
2025-06-13 15:52:12 +0000  Item /Users/richie/Library/Developer/Xcode/Archives/2025-06-13/Xprime 13-06-2025, 16.50.xcarchive/Products/Applications/Xprime.app doesn't have the entitlement com.apple.developer.web-browser-engine.host enabled, returning ["arm64e"]
2025-06-13 15:52:12 +0000  Archs to thin for item /Users/richie/Library/Developer/Xcode/Archives/2025-06-13/Xprime 13-06-2025, 16.50.xcarchive/Products/Applications/Xprime.app are ["arm64e"]
2025-06-13 15:52:12 +0000  Running /Applications/Xcode.app/Contents/Developer/Toolchains/XcodeDefault.xctoolchain/usr/bin/lipo '/var/folders/w3/tgjfrx4x7c579233vv9cjxbh0000gn/T/XcodeDistPipeline.~~~jipqsY/Root/Applications/Xprime.app/Contents/MacOS/Xprime' '-verify_arch' 'arm64e'
2025-06-13 15:52:12 +0000  /Applications/Xcode.app/Contents/Developer/Toolchains/XcodeDefault.xctoolchain/usr/bin/lipo exited with 1
2025-06-13 15:52:12 +0000  Skipping architecture thinning for item "Xprime" because arch "arm64e" wasn't found
2025-06-13 15:52:12 +0000  Processing step: IDEDistributionODRStep
2025-06-13 15:52:12 +0000  Processing step: IDEDistributionStripXattrsStep
2025-06-13 15:52:12 +0000  Skipping stripping extended attributes because the codesign step will strip them.
2025-06-13 15:52:12 +0000  Processing step: IDEDistributionCodesignStep
2025-06-13 15:52:12 +0000  Entitlements for <IDEDistributionItem: 0x600042ad6be0; bundleID='uk.insoft.Xprime', path='<DVTFilePath:0x60003ea4db60:'/Users/richie/Library/Developer/Xcode/Archives/2025-06-13/Xprime 13-06-2025, 16.50.xcarchive/Products/Applications/Xprime.app'>', codeSigningInfo='<_DVTCodeSigningInformation_Path: 0x600042ad4e40; isSigned='1', isAdHocSigned='1', signingCertificate='(null)', entitlements='{
    "com.apple.security.app-sandbox" = 1;
    "com.apple.security.files.user-selected.read-write" = 1;
}', teamID='(null)', identifier='uk.insoft.Xprime', executablePath='<DVTFilePath:0x60003ea47de0:'/Users/richie/Library/Developer/Xcode/Archives/2025-06-13/Xprime 13-06-2025, 16.50.xcarchive/Products/Applications/Xprime.app/Contents/MacOS/Xprime'>', hardenedRuntime='0'>'>: {
    "com.apple.security.app-sandbox" = 1;
    "com.apple.security.files.user-selected.read-write" = 1;
}
2025-06-13 15:52:12 +0000  Associated App Clip Identifiers Filter: Skipping because "com.apple.developer.associated-appclip-app-identifiers" is not present
2025-06-13 15:52:12 +0000  Entitlements for <IDEDistributionItem: 0x600042ad6be0; bundleID='uk.insoft.Xprime', path='<DVTFilePath:0x60003ea4db60:'/Users/richie/Library/Developer/Xcode/Archives/2025-06-13/Xprime 13-06-2025, 16.50.xcarchive/Products/Applications/Xprime.app'>', codeSigningInfo='<_DVTCodeSigningInformation_Path: 0x600042ad4e40; isSigned='1', isAdHocSigned='1', signingCertificate='(null)', entitlements='{
    "com.apple.security.app-sandbox" = 1;
    "com.apple.security.files.user-selected.read-write" = 1;
}', teamID='(null)', identifier='uk.insoft.Xprime', executablePath='<DVTFilePath:0x60003ea47de0:'/Users/richie/Library/Developer/Xcode/Archives/2025-06-13/Xprime 13-06-2025, 16.50.xcarchive/Products/Applications/Xprime.app/Contents/MacOS/Xprime'>', hardenedRuntime='0'>'> are: {
    "com.apple.security.app-sandbox" = 1;
    "com.apple.security.files.user-selected.read-write" = 1;
}
2025-06-13 15:52:12 +0000  Writing entitlements for <IDEDistributionItem: 0x600042ad6be0; bundleID='uk.insoft.Xprime', path='<DVTFilePath:0x60003ea4db60:'/Users/richie/Library/Developer/Xcode/Archives/2025-06-13/Xprime 13-06-2025, 16.50.xcarchive/Products/Applications/Xprime.app'>', codeSigningInfo='<_DVTCodeSigningInformation_Path: 0x600042ad4e40; isSigned='1', isAdHocSigned='1', signingCertificate='(null)', entitlements='{
    "com.apple.security.app-sandbox" = 1;
    "com.apple.security.files.user-selected.read-write" = 1;
}', teamID='(null)', identifier='uk.insoft.Xprime', executablePath='<DVTFilePath:0x60003ea47de0:'/Users/richie/Library/Developer/Xcode/Archives/2025-06-13/Xprime 13-06-2025, 16.50.xcarchive/Products/Applications/Xprime.app/Contents/MacOS/Xprime'>', hardenedRuntime='0'>'> to: /var/folders/w3/tgjfrx4x7c579233vv9cjxbh0000gn/T/XcodeDistPipeline.~~~jipqsY/entitlements~~~toGVzY
2025-06-13 15:52:12 +0000  invoking codesign: <NSConcreteTask: 0x600046efc000; launchPath='/usr/bin/codesign', arguments='(
    "-f",
    "-s",
    FB5FB049D7D36FC83B173CDFD7D5E8AF85C4FC49,
    "--entitlements",
    "/var/folders/w3/tgjfrx4x7c579233vv9cjxbh0000gn/T/XcodeDistPipeline.~~~jipqsY/entitlements~~~toGVzY",
    "--requirements",
    "=designated => anchor apple generic  and identifier \"$self.identifier\" and ((cert leaf[field.1.2.840.113635.100.6.1.9] exists) or ( certificate 1[field.1.2.840.113635.100.6.2.6] exists and certificate leaf[field.1.2.840.113635.100.6.1.13] exists  and certificate leaf[subject.OU] = \"8XN79M4JCJ\" ))",
    "--preserve-metadata=identifier,flags,runtime",
    "--generate-entitlement-der",
    "--strip-disallowed-xattrs",
    "-vvv",
    "/var/folders/w3/tgjfrx4x7c579233vv9cjxbh0000gn/T/XcodeDistPipeline.~~~jipqsY/Root/Applications/Xprime.app"
)'>
2025-06-13 15:52:12 +0000  codesign output: /var/folders/w3/tgjfrx4x7c579233vv9cjxbh0000gn/T/XcodeDistPipeline.~~~jipqsY/Root/Applications/Xprime.app: replacing existing signature
/var/folders/w3/tgjfrx4x7c579233vv9cjxbh0000gn/T/XcodeDistPipeline.~~~jipqsY/Root/Applications/Xprime.app: signed app bundle with Mach-O universal (x86_64 arm64) [uk.insoft.Xprime]
2025-06-13 15:52:12 +0000  Processing step: IDEDistributionZipODRItemStep
2025-06-13 15:52:12 +0000  Skipping step: IDEDistributionZipODRItemStep because it said so
2025-06-13 15:52:12 +0000  Processing step: IDEDistributionSkipPackagingStep
2025-06-13 15:52:12 +0000  Processing step: IDEDistributionAppStoreInformationStep
2025-06-13 15:52:12 +0000  Skipping step: IDEDistributionAppStoreInformationStep because it said so
2025-06-13 15:52:12 +0000  Processing step: IDEDistributionGenerateProcessedDistributionItems
2025-06-13 15:52:12 +0000  IDEDistributionItem init <DVTFilePath:0x60003ea3bcc0:'/var/folders/w3/tgjfrx4x7c579233vv9cjxbh0000gn/T/XcodeDistPipeline.~~~jipqsY/Root/Applications/Xprime.app'>
2025-06-13 15:52:12 +0000  [OPTIONAL] Didn't find embedded provisioning profile for <DVTFilePath:0x60003ea3bcc0:'/var/folders/w3/tgjfrx4x7c579233vv9cjxbh0000gn/T/XcodeDistPipeline.~~~jipqsY/Root/Applications/Xprime.app'>: Error Domain=NSCocoaErrorDomain Code=4 "No file at <DVTFilePath:0x6000266fa760:'/var/folders/w3/tgjfrx4x7c579233vv9cjxbh0000gn/T/XcodeDistPipeline.~~~jipqsY/Root/Applications/Xprime.app/Contents/embedded.provisionprofile'>" UserInfo={NSLocalizedDescription=No file at <DVTFilePath:0x6000266fa760:'/var/folders/w3/tgjfrx4x7c579233vv9cjxbh0000gn/T/XcodeDistPipeline.~~~jipqsY/Root/Applications/Xprime.app/Contents/embedded.provisionprofile'>}
2025-06-13 15:52:12 +0000  Processing step: IDEDistributionCreateManifestStep
2025-06-13 15:52:12 +0000  Skipping step: IDEDistributionCreateManifestStep because it said so
